Flutter crash report; please file at https://github.com/flutter/flutter/issues.

## command

flutter create list_view

## exception

VersionCheckError: VersionCheckError: Command exited with code 72: git log -n 1 --pretty=format:%ad --date=iso
Standard error: 2019-05-01 07:53:23.367 xcodebuild[1983:37829] [MT] DVTPlugInLoading: Failed to load code for plug-in com.apple.dt.IDE.DVTKitDFRSupport (/Applications/Xcode.app/Contents/PlugIns/DVTKitDFRSupport.ideplugin), error = Error Domain=NSCocoaErrorDomain Code=3588 "dlopen(/Applications/Xcode.app/Contents/PlugIns/DVTKitDFRSupport.ideplugin/Contents/MacOS/DVTKitDFRSupport, 265): Symbol not found: _OBJC_IVAR_$_NSTextViewIvars.sharedData
  Referenced from: /Applications/Xcode.app/Contents/Developer/usr/bin/../../../SharedFrameworks/DVTKit.framework/Versions/A/DVTKit
  Expected in: /System/Library/Frameworks/AppKit.framework/Versions/C/AppKit
 in /Applications/Xcode.app/Contents/Developer/usr/bin/../../../SharedFrameworks/DVTKit.framework/Versions/A/DVTKit" UserInfo={NSLocalizedFailureReason=The bundle couldn’t be loaded., NSLocalizedRecoverySuggestion=Try reinstalling the bundle., NSFilePath=/Applications/Xcode.app/Contents/PlugIns/DVTKitDFRSupport.ideplugin/Contents/MacOS/DVTKitDFRSupport, NSDebugDescription=dlopen(/Applications/Xcode.app/Contents/PlugIns/DVTKitDFRSupport.ideplugin/Contents/MacOS/DVTKitDFRSupport, 265): Symbol not found: _OBJC_IVAR_$_NSTextViewIvars.sharedData
  Referenced from: /Applications/Xcode.app/Contents/Developer/usr/bin/../../../SharedFrameworks/DVTKit.framework/Versions/A/DVTKit
  Expected in: /System/Library/Frameworks/AppKit.framework/Versions/C/AppKit
 in /Applications/Xcode.app/Contents/Developer/usr/bin/../../../SharedFrameworks/DVTKit.framework/Versions/A/DVTKit, NSBundlePath=/Applications/Xcode.app/Contents/PlugIns/DVTKitDFRSupport.ideplugin, NSLocalizedDescription=The bundle “DVTKitDFRSupport” couldn’t be loaded.}, dyldError = dlopen(/Applications/Xcode.app/Contents/PlugIns/DVTKitDFRSupport.ideplugin/Contents/MacOS/DVTKitDFRSupport, 0): Symbol not found: _OBJC_IVAR_$_NSTextViewIvars.sharedData
  Referenced from: /Applications/Xcode.app/Contents/Developer/usr/bin/../../../SharedFrameworks/DVTKit.framework/Versions/A/DVTKit
  Expected in: /System/Library/Frameworks/AppKit.framework/Versions/C/AppKit
 in /Applications/Xcode.app/Contents/Developer/usr/bin/../../../SharedFrameworks/DVTKit.framework/Versions/A/DVTKit
2019-05-01 07:53:23.367 xcodebuild[1983:37829] [MT] DVTPlugInExtensionFaulting: Failed to fire fault for extension Xcode.DVTKitDFRSupport.Initializer: Error Domain=DVTPlugInErrorDomain Code=2 "Loading a plug-in failed." UserInfo={DVTPlugInIdentifierErrorKey=com.apple.dt.IDE.DVTKitDFRSupport, DVTPlugInExecutablePathErrorKey=/Applications/Xcode.app/Contents/PlugIns/DVTKitDFRSupport.ideplugin/Contents/MacOS/DVTKitDFRSupport, NSLocalizedRecoverySuggestion=The plug-in or one of its prerequisite plug-ins may be missing or damaged and may need to be reinstalled., DVTPlugInDYLDErrorMessageErrorKey=dlopen(/Applications/Xcode.app/Contents/PlugIns/DVTKitDFRSupport.ideplugin/Contents/MacOS/DVTKitDFRSupport, 0): Symbol not found: _OBJC_IVAR_$_NSTextViewIvars.sharedData
  Referenced from: /Applications/Xcode.app/Contents/Developer/usr/bin/../../../SharedFrameworks/DVTKit.framework/Versions/A/DVTKit
  Expected in: /System/Library/Frameworks/AppKit.framework/Versions/C/AppKit
 in /Applications/Xcode.app/Contents/Developer/usr/bin/../../../SharedFrameworks/DVTKit.framework/Versions/A/DVTKit, NSLocalizedDescription=Loading a plug-in failed., NSFilePath=/Applications/Xcode.app/Contents/PlugIns/DVTKitDFRSupport.ideplugin, NSLocalizedFailureReason=The plug-in “com.apple.dt.IDE.DVTKitDFRSupport” at path “/Applications/Xcode.app/Contents/PlugIns/DVTKitDFRSupport.ideplugin” could not be loaded.  The plug-in or one of its prerequisite plug-ins may be missing or damaged., NSUnderlyingError=0x7f9b2f400920 {Error Domain=NSCocoaErrorDomain Code=3588 "dlopen(/Applications/Xcode.app/Contents/PlugIns/DVTKitDFRSupport.ideplugin/Contents/MacOS/DVTKitDFRSupport, 265): Symbol not found: _OBJC_IVAR_$_NSTextViewIvars.sharedData
  Referenced from: /Applications/Xcode.app/Contents/Developer/usr/bin/../../../SharedFrameworks/DVTKit.framework/Versions/A/DVTKit
  Expected in: /System/Library/Frameworks/AppKit.framework/Versions/C/AppKit
 in /Applications/Xcode.app/Contents/Developer/usr/bin/../../../SharedFrameworks/DVTKit.framework/Versions/A/DVTKit" UserInfo={NSLocalizedFailureReason=The bundle couldn’t be loaded., NSLocalizedRecoverySuggestion=Try reinstalling the bundle., NSFilePath=/Applications/Xcode.app/Contents/PlugIns/DVTKitDFRSupport.ideplugin/Contents/MacOS/DVTKitDFRSupport, NSDebugDescription=dlopen(/Applications/Xcode.app/Contents/PlugIns/DVTKitDFRSupport.ideplugin/Contents/MacOS/DVTKitDFRSupport, 265): Symbol not found: _OBJC_IVAR_$_NSTextViewIvars.sharedData
  Referenced from: /Applications/Xcode.app/Contents/Developer/usr/bin/../../../SharedFrameworks/DVTKit.framework/Versions/A/DVTKit
  Expected in: /System/Library/Frameworks/AppKit.framework/Versions/C/AppKit
 in /Applications/Xcode.app/Contents/Developer/usr/bin/../../../SharedFrameworks/DVTKit.framework/Versions/A/DVTKit, NSBundlePath=/Applications/Xcode.app/Contents/PlugIns/DVTKitDFRSupport.ideplugin, NSLocalizedDescription=The bundle “DVTKitDFRSupport” couldn’t be loaded.}}}
** INTERNAL ERROR: Uncaught exception **
Uncaught Exception: Error getting value for key 'initializationClass' of extension 'Xcode.DVTKitDFRSupport.Initializer' in plug-in 'com.apple.dt.IDE.DVTKitDFRSupport'
Stack:
  0   __exceptionPreprocess (in CoreFoundation)
  1   objc_exception_throw (in libobjc.A.dylib)
  2   -[DVTExtension valueForKey:error:] (in DVTFoundation)
  3   _IDEInitializeOnePlugInAndPrerequisites (in IDEFoundation)
  4   _IDEInitializePlugIns (in IDEFoundation)
  5   IDEInitialize (in IDEFoundation)
  6   -[Xcode3CommandLineBuildTool run] (in Xcode3Core)
  7  0x00000001032a4202 (in xcodebuild)
  8   start (in libdyld.dylib)

sh: line 1:  1985 Abort trap: 6           /Applications/Xcode.app/Contents/Developer/usr/bin/xcodebuild -sdk macosx -find git 2> /dev/null
git: error: unable to find utility "git", not a developer tool or in PATH


```
#0      _runSync (package:flutter_tools/src/version.dart:506:5)
#1      FlutterVersion._latestGitCommitDate (package:flutter_tools/src/version.dart:130:12)
#2      FlutterVersion.frameworkCommitDate (package:flutter_tools/src/version.dart:121:37)
#3      FlutterVersion.frameworkDate (package:flutter_tools/src/version.dart:83:31)
#4      FlutterValidator.validate (package:flutter_tools/src/doctor.dart:452:127)
<asynchronous suspension>
#5      Doctor.summaryText (package:flutter_tools/src/doctor.dart:137:55)
<asynchronous suspension>
#6      Doctor.summary (package:flutter_tools/src/doctor.dart:127:23)
<asynchronous suspension>
#7      CreateCommand.runCommand (package:flutter_tools/src/commands/create.dart:361:22)
<asynchronous suspension>
#8      FlutterCommand.verifyThenRunCommand (package:flutter_tools/src/runner/flutter_command.dart:545:18)
#9      _asyncThenWrapperHelper.<anonymous closure> (dart:async/runtime/libasync_patch.dart:77:64)
#10     _rootRunUnary (dart:async/zone.dart:1132:38)
#11     _CustomZone.runUnary (dart:async/zone.dart:1029:19)
#12     _FutureListener.handleValue (dart:async/future_impl.dart:126:18)
#13     Future._propagateToListeners.handleValueCallback (dart:async/future_impl.dart:639:45)
#14     Future._propagateToListeners (dart:async/future_impl.dart:668:32)
#15     Future._complete (dart:async/future_impl.dart:473:7)
#16     _SyncCompleter.complete (dart:async/future_impl.dart:51:12)
#17     _AsyncAwaitCompleter.complete.<anonymous closure> (dart:async/runtime/libasync_patch.dart:33:20)
#18     _rootRun (dart:async/zone.dart:1124:13)
#19     _CustomZone.run (dart:async/zone.dart:1021:19)
#20     _CustomZone.bindCallback.<anonymous closure> (dart:async/zone.dart:947:23)
#21     _microtaskLoop (dart:async/schedule_microtask.dart:41:21)
#22     _startMicrotaskLoop (dart:async/schedule_microtask.dart:50:5)
#23     _runPendingImmediateCallback (dart:isolate/runtime/libisolate_patch.dart:115:13)
#24     _RawReceivePortImpl._handleMessage (dart:isolate/runtime/libisolate_patch.dart:172:5)
```

## flutter doctor

```
encountered exception: VersionCheckError: Command exited with code 72: git log -n 1 --pretty=format:%ad --date=iso
Standard error: 2019-05-01 07:53:25.556 xcodebuild[1987:38798] [MT] DVTPlugInLoading: Failed to load code for plug-in com.apple.dt.IDE.DVTKitDFRSupport (/Applications/Xcode.app/Contents/PlugIns/DVTKitDFRSupport.ideplugin), error = Error Domain=NSCocoaErrorDomain Code=3588 "dlopen(/Applications/Xcode.app/Contents/PlugIns/DVTKitDFRSupport.ideplugin/Contents/MacOS/DVTKitDFRSupport, 265): Symbol not found: _OBJC_IVAR_$_NSTextViewIvars.sharedData
  Referenced from: /Applications/Xcode.app/Contents/Developer/usr/bin/../../../SharedFrameworks/DVTKit.framework/Versions/A/DVTKit
  Expected in: /System/Library/Frameworks/AppKit.framework/Versions/C/AppKit
 in /Applications/Xcode.app/Contents/Developer/usr/bin/../../../SharedFrameworks/DVTKit.framework/Versions/A/DVTKit" UserInfo={NSLocalizedFailureReason=The bundle couldn’t be loaded., NSLocalizedRecoverySuggestion=Try reinstalling the bundle., NSFilePath=/Applications/Xcode.app/Contents/PlugIns/DVTKitDFRSupport.ideplugin/Contents/MacOS/DVTKitDFRSupport, NSDebugDescription=dlopen(/Applications/Xcode.app/Contents/PlugIns/DVTKitDFRSupport.ideplugin/Contents/MacOS/DVTKitDFRSupport, 265): Symbol not found: _OBJC_IVAR_$_NSTextViewIvars.sharedData
  Referenced from: /Applications/Xcode.app/Contents/Developer/usr/bin/../../../SharedFrameworks/DVTKit.framework/Versions/A/DVTKit
  Expected in: /System/Library/Frameworks/AppKit.framework/Versions/C/AppKit
 in /Applications/Xcode.app/Contents/Developer/usr/bin/../../../SharedFrameworks/DVTKit.framework/Versions/A/DVTKit, NSBundlePath=/Applications/Xcode.app/Contents/PlugIns/DVTKitDFRSupport.ideplugin, NSLocalizedDescription=The bundle “DVTKitDFRSupport” couldn’t be loaded.}, dyldError = dlopen(/Applications/Xcode.app/Contents/PlugIns/DVTKitDFRSupport.ideplugin/Contents/MacOS/DVTKitDFRSupport, 0): Symbol not found: _OBJC_IVAR_$_NSTextViewIvars.sharedData
  Referenced from: /Applications/Xcode.app/Contents/Developer/usr/bin/../../../SharedFrameworks/DVTKit.framework/Versions/A/DVTKit
  Expected in: /System/Library/Frameworks/AppKit.framework/Versions/C/AppKit
 in /Applications/Xcode.app/Contents/Developer/usr/bin/../../../SharedFrameworks/DVTKit.framework/Versions/A/DVTKit
2019-05-01 07:53:25.556 xcodebuild[1987:38798] [MT] DVTPlugInExtensionFaulting: Failed to fire fault for extension Xcode.DVTKitDFRSupport.Initializer: Error Domain=DVTPlugInErrorDomain Code=2 "Loading a plug-in failed." UserInfo={DVTPlugInIdentifierErrorKey=com.apple.dt.IDE.DVTKitDFRSupport, DVTPlugInExecutablePathErrorKey=/Applications/Xcode.app/Contents/PlugIns/DVTKitDFRSupport.ideplugin/Contents/MacOS/DVTKitDFRSupport, NSLocalizedRecoverySuggestion=The plug-in or one of its prerequisite plug-ins may be missing or damaged and may need to be reinstalled., DVTPlugInDYLDErrorMessageErrorKey=dlopen(/Applications/Xcode.app/Contents/PlugIns/DVTKitDFRSupport.ideplugin/Contents/MacOS/DVTKitDFRSupport, 0): Symbol not found: _OBJC_IVAR_$_NSTextViewIvars.sharedData
  Referenced from: /Applications/Xcode.app/Contents/Developer/usr/bin/../../../SharedFrameworks/DVTKit.framework/Versions/A/DVTKit
  Expected in: /System/Library/Frameworks/AppKit.framework/Versions/C/AppKit
 in /Applications/Xcode.app/Contents/Developer/usr/bin/../../../SharedFrameworks/DVTKit.framework/Versions/A/DVTKit, NSLocalizedDescription=Loading a plug-in failed., NSFilePath=/Applications/Xcode.app/Contents/PlugIns/DVTKitDFRSupport.ideplugin, NSLocalizedFailureReason=The plug-in “com.apple.dt.IDE.DVTKitDFRSupport” at path “/Applications/Xcode.app/Contents/PlugIns/DVTKitDFRSupport.ideplugin” could not be loaded.  The plug-in or one of its prerequisite plug-ins may be missing or damaged., NSUnderlyingError=0x7fc1691c99c0 {Error Domain=NSCocoaErrorDomain Code=3588 "dlopen(/Applications/Xcode.app/Contents/PlugIns/DVTKitDFRSupport.ideplugin/Contents/MacOS/DVTKitDFRSupport, 265): Symbol not found: _OBJC_IVAR_$_NSTextViewIvars.sharedData
  Referenced from: /Applications/Xcode.app/Contents/Developer/usr/bin/../../../SharedFrameworks/DVTKit.framework/Versions/A/DVTKit
  Expected in: /System/Library/Frameworks/AppKit.framework/Versions/C/AppKit
 in /Applications/Xcode.app/Contents/Developer/usr/bin/../../../SharedFrameworks/DVTKit.framework/Versions/A/DVTKit" UserInfo={NSLocalizedFailureReason=The bundle couldn’t be loaded., NSLocalizedRecoverySuggestion=Try reinstalling the bundle., NSFilePath=/Applications/Xcode.app/Contents/PlugIns/DVTKitDFRSupport.ideplugin/Contents/MacOS/DVTKitDFRSupport, NSDebugDescription=dlopen(/Applications/Xcode.app/Contents/PlugIns/DVTKitDFRSupport.ideplugin/Contents/MacOS/DVTKitDFRSupport, 265): Symbol not found: _OBJC_IVAR_$_NSTextViewIvars.sharedData
  Referenced from: /Applications/Xcode.app/Contents/Developer/usr/bin/../../../SharedFrameworks/DVTKit.framework/Versions/A/DVTKit
  Expected in: /System/Library/Frameworks/AppKit.framework/Versions/C/AppKit
 in /Applications/Xcode.app/Contents/Developer/usr/bin/../../../SharedFrameworks/DVTKit.framework/Versions/A/DVTKit, NSBundlePath=/Applications/Xcode.app/Contents/PlugIns/DVTKitDFRSupport.ideplugin, NSLocalizedDescription=The bundle “DVTKitDFRSupport” couldn’t be loaded.}}}
** INTERNAL ERROR: Uncaught exception **
Uncaught Exception: Error getting value for key 'initializationClass' of extension 'Xcode.DVTKitDFRSupport.Initializer' in plug-in 'com.apple.dt.IDE.DVTKitDFRSupport'
Stack:
  0   __exceptionPreprocess (in CoreFoundation)
  1   objc_exception_throw (in libobjc.A.dylib)
  2   -[DVTExtension valueForKey:error:] (in DVTFoundation)
  3   _IDEInitializeOnePlugInAndPrerequisites (in IDEFoundation)
  4   _IDEInitializePlugIns (in IDEFoundation)
  5   IDEInitialize (in IDEFoundation)
  6   -[Xcode3CommandLineBuildTool run] (in Xcode3Core)
  7  0x000000010f282202 (in xcodebuild)
  8   start (in libdyld.dylib)

sh: line 1:  1989 Abort trap: 6           /Applications/Xcode.app/Contents/Developer/usr/bin/xcodebuild -sdk macosx -find git 2> /dev/null
git: error: unable to find utility "git", not a developer tool or in PATH


#0      _runSync (package:flutter_tools/src/version.dart:506:5)
#1      FlutterVersion._latestGitCommitDate (package:flutter_tools/src/version.dart:130:12)
#2      FlutterVersion.frameworkCommitDate (package:flutter_tools/src/version.dart:121:37)
#3      FlutterVersion.frameworkDate (package:flutter_tools/src/version.dart:83:31)
#4      FlutterValidator.validate (package:flutter_tools/src/doctor.dart:452:127)
<asynchronous suspension>
#5      Doctor.startValidatorTasks (package:flutter_tools/src/doctor.dart:116:52)
#6      Doctor.diagnose (package:flutter_tools/src/doctor.dart:189:41)
<asynchronous suspension>
#7      _doctorText.<anonymous closure> (package:flutter_tools/runner.dart:188:26)
#8      AppContext.run.<anonymous closure> (package:flutter_tools/src/base/context.dart:142:29)
<asynchronous suspension>
#9      _rootRun (dart:async/zone.dart:1124:13)
#10     _CustomZone.run (dart:async/zone.dart:1021:19)
#11     _runZoned (dart:async/zone.dart:1516:10)
#12     runZoned (dart:async/zone.dart:1463:12)
#13     AppContext.run (package:flutter_tools/src/base/context.dart:141:18)
<asynchronous suspension>
#14     _doctorText (package:flutter_tools/runner.dart:187:19)
<asynchronous suspension>
#15     _createLocalCrashReport (package:flutter_tools/runner.dart:165:32)
<asynchronous suspension>
#16     _handleToolError (package:flutter_tools/runner.dart:120:33)
<asynchronous suspension>
#17     run.<anonymous closure> (package:flutter_tools/runner.dart:64:20)
<asynchronous suspension>
#18     AppContext.run.<anonymous closure> (package:flutter_tools/src/base/context.dart:142:29)
<asynchronous suspension>
#19     _rootRun (dart:async/zone.dart:1124:13)
#20     _CustomZone.run (dart:async/zone.dart:1021:19)
#21     _runZoned (dart:async/zone.dart:1516:10)
#22     runZoned (dart:async/zone.dart:1463:12)
#23     AppContext.run (package:flutter_tools/src/base/context.dart:141:18)
<asynchronous suspension>
#24     runInContext (package:flutter_tools/src/context_runner.dart:48:24)
<asynchronous suspension>
#25     run (package:flutter_tools/runner.dart:51:10)
#26     main (package:flutter_tools/executable.dart:52:9)
<asynchronous suspension>
#27     main (file:///Users/kameyama/Development/flutter/flutter/packages/flutter_tools/bin/flutter_tools.dart:8:3)
#28     _startIsolate.<anonymous closure> (dart:isolate/runtime/libisolate_patch.dart:298:32)
#29     _RawReceivePortImpl._handleMessage (dart:isolate/runtime/libisolate_patch.dart:171:12)
```
